# JRE version: OpenJDK Runtime Environment Temurin-21.0.10+7 (21.0.10+7) (build 21.0.10+7-LTS)
# Java VM: OpenJDK 64-Bit Server VM Temurin-21.0.10+7 (21.0.10+7-LTS, mixed mode, sharing, tiered, compressed oops, compressed class ptrs, parallel gc, windows-amd64)
GC Precious Log:
 CardTable entry size: 512
 CPUs: 12 total, 12 available
 Memory: 16058M
 Large Page Support: Disabled
 NUMA Support: Disabled
 Compressed Oops: Enabled (32-bit)
 Alignments: Space 512K, Generation 512K, Heap 2M
 Heap Min Capacity: 100M
 Heap Initial Capacity: 100M
 Heap Max Capacity: 2G
 Pre-touch: Disabled
 Parallel Workers: 10
Heap:
 PSYoungGen      total 13312K, used 2187K [0x00000000d5580000, 0x00000000d6580000, 0x0000000100000000)
  eden space 12800K, 15% used [0x00000000d5580000,0x00000000d576adb0,0x00000000d6200000)
  from space 512K, 43% used [0x00000000d6500000,0x00000000d6538000,0x00000000d6580000)
  to   space 512K, 0% used [0x00000000d6480000,0x00000000d6480000,0x00000000d6500000)
 ParOldGen       total 181760K, used 181691K [0x0000000080000000, 0x000000008b180000, 0x00000000d5580000)
  object space 181760K, 99% used [0x0000000080000000,0x000000008b16eef8,0x000000008b180000)
 Metaspace       used 81819K, committed 83520K, reserved 1179648K
  class space    used 8709K, committed 9472K, reserved 1048576K
GC Heap History (20 events):
Event: 77.570 GC heap before
{Heap before GC invocations=110 (full 3):
 PSYoungGen      total 13824K, used 13824K [0x00000000d5580000, 0x00000000d6600000, 0x0000000100000000)
  eden space 13312K, 100% used [0x00000000d5580000,0x00000000d6280000,0x00000000d6280000)
  from space 512K, 100% used [0x00000000d6580000,0x00000000d6600000,0x00000000d6600000)
  to   space 1024K, 0% used [0x00000000d6400000,0x00000000d6400000,0x00000000d6500000)
 ParOldGen       total 174592K, used 174502K [0x0000000080000000, 0x000000008aa80000, 0x00000000d5580000)
  object space 174592K, 99% used [0x0000000080000000,0x000000008aa69950,0x000000008aa80000)
 Metaspace       used 81197K, committed 82880K, reserved 1179648K
  class space    used 8681K, committed 9408K, reserved 1048576K
}
Event: 77.572 GC heap after
{Heap after GC invocations=110 (full 3):
 PSYoungGen      total 14336K, used 256K [0x00000000d5580000, 0x00000000d6600000, 0x0000000100000000)
  eden space 13312K, 0% used [0x00000000d5580000,0x00000000d5580000,0x00000000d6280000)
  from space 1024K, 25% used [0x00000000d6400000,0x00000000d6440000,0x00000000d6500000)
  to   space 512K, 0% used [0x00000000d6580000,0x00000000d6580000,0x00000000d6600000)
 ParOldGen       total 175104K, used 174934K [0x0000000080000000, 0x000000008ab00000, 0x00000000d5580000)
  object space 175104K, 99% used [0x0000000080000000,0x000000008aad5950,0x000000008ab00000)
 Metaspace       used 81197K, committed 82880K, reserved 1179648K
  class space    used 8681K, committed 9408K, reserved 1048576K
}
Event: 79.903 GC heap before
{Heap before GC invocations=111 (full 3):
 PSYoungGen      total 14336K, used 13568K [0x00000000d5580000, 0x00000000d6600000, 0x0000000100000000)
  eden space 13312K, 100% used [0x00000000d5580000,0x00000000d6280000,0x00000000d6280000)
  from space 1024K, 25% used [0x00000000d6400000,0x00000000d6440000,0x00000000d6500000)
  to   space 512K, 0% used [0x00000000d6580000,0x00000000d6580000,0x00000000d6600000)
 ParOldGen       total 175104K, used 174934K [0x0000000080000000, 0x000000008ab00000, 0x00000000d5580000)
  object space 175104K, 99% used [0x0000000080000000,0x000000008aad5950,0x000000008ab00000)
 Metaspace       used 81239K, committed 82944K, reserved 1179648K
  class space    used 8681K, committed 9408K, reserved 1048576K
}
Event: 79.906 GC heap after
{Heap after GC invocations=111 (full 3):
 PSYoungGen      total 13312K, used 500K [0x00000000d5580000, 0x00000000d6980000, 0x0000000100000000)
  eden space 12800K, 0% used [0x00000000d5580000,0x00000000d5580000,0x00000000d6200000)
  from space 512K, 97% used [0x00000000d6580000,0x00000000d65fd2e0,0x00000000d6600000)
  to   space 3584K, 0% used [0x00000000d6200000,0x00000000d6200000,0x00000000d6580000)
 ParOldGen       total 177664K, used 177404K [0x0000000080000000, 0x000000008ad80000, 0x00000000d5580000)
  object space 177664K, 99% used [0x0000000080000000,0x000000008ad3f350,0x000000008ad80000)
 Metaspace       used 81239K, committed 82944K, reserved 1179648K
  class space    used 8681K, committed 9408K, reserved 1048576K
}
Event: 80.322 GC heap before
{Heap before GC invocations=112 (full 3):
 PSYoungGen      total 13312K, used 13300K [0x00000000d5580000, 0x00000000d6980000, 0x0000000100000000)
  eden space 12800K, 100% used [0x00000000d5580000,0x00000000d6200000,0x00000000d6200000)
  from space 512K, 97% used [0x00000000d6580000,0x00000000d65fd2e0,0x00000000d6600000)
  to   space 3584K, 0% used [0x00000000d6200000,0x00000000d6200000,0x00000000d6580000)
 ParOldGen       total 177664K, used 177404K [0x0000000080000000, 0x000000008ad80000, 0x00000000d5580000)
  object space 177664K, 99% used [0x0000000080000000,0x000000008ad3f350,0x000000008ad80000)
 Metaspace       used 81246K, committed 82944K, reserved 1179648K
  class space    used 8681K, committed 9408K, reserved 1048576K
}
Event: 80.325 GC heap after
{Heap after GC invocations=112 (full 3):
 PSYoungGen      total 13824K, used 864K [0x00000000d5580000, 0x00000000d6600000, 0x0000000100000000)
  eden space 12800K, 0% used [0x00000000d5580000,0x00000000d5580000,0x00000000d6200000)
  from space 1024K, 84% used [0x00000000d6200000,0x00000000d62d8000,0x00000000d6300000)
  to   space 2048K, 0% used [0x00000000d6400000,0x00000000d6400000,0x00000000d6600000)
 ParOldGen       total 177664K, used 177612K [0x0000000080000000, 0x000000008ad80000, 0x00000000d5580000)
  object space 177664K, 99% used [0x0000000080000000,0x000000008ad73350,0x000000008ad80000)
 Metaspace       used 81246K, committed 82944K, reserved 1179648K
  class space    used 8681K, committed 9408K, reserved 1048576K
}
Event: 82.640 GC heap before
{Heap before GC invocations=113 (full 3):
 PSYoungGen      total 13824K, used 13503K [0x00000000d5580000, 0x00000000d6600000, 0x0000000100000000)
  eden space 12800K, 98% used [0x00000000d5580000,0x00000000d61d7e28,0x00000000d6200000)
  from space 1024K, 84% used [0x00000000d6200000,0x00000000d62d8000,0x00000000d6300000)
  to   space 2048K, 0% used [0x00000000d6400000,0x00000000d6400000,0x00000000d6600000)
 ParOldGen       total 177664K, used 177612K [0x0000000080000000, 0x000000008ad80000, 0x00000000d5580000)
  object space 177664K, 99% used [0x0000000080000000,0x000000008ad73350,0x000000008ad80000)
 Metaspace       used 81299K, committed 83008K, reserved 1179648K
  class space    used 8681K, committed 9408K, reserved 1048576K
}
Event: 82.643 GC heap after
{Heap after GC invocations=113 (full 3):
 PSYoungGen      total 14848K, used 1771K [0x00000000d5580000, 0x00000000d6600000, 0x0000000100000000)
  eden space 12800K, 0% used [0x00000000d5580000,0x00000000d5580000,0x00000000d6200000)
  from space 2048K, 86% used [0x00000000d6400000,0x00000000d65bac60,0x00000000d6600000)
  to   space 2048K, 0% used [0x00000000d6200000,0x00000000d6200000,0x00000000d6400000)
 ParOldGen       total 179712K, used 179679K [0x0000000080000000, 0x000000008af80000, 0x00000000d5580000)
  object space 179712K, 99% used [0x0000000080000000,0x000000008af77fb0,0x000000008af80000)
 Metaspace       used 81299K, committed 83008K, reserved 1179648K
  class space    used 8681K, committed 9408K, reserved 1048576K
}
Event: 85.451 GC heap before
{Heap before GC invocations=114 (full 3):
 PSYoungGen      total 14848K, used 14571K [0x00000000d5580000, 0x00000000d6600000, 0x0000000100000000)
  eden space 12800K, 100% used [0x00000000d5580000,0x00000000d6200000,0x00000000d6200000)
  from space 2048K, 86% used [0x00000000d6400000,0x00000000d65bac60,0x00000000d6600000)
  to   space 2048K, 0% used [0x00000000d6200000,0x00000000d6200000,0x00000000d6400000)
 ParOldGen       total 179712K, used 179679K [0x0000000080000000, 0x000000008af80000, 0x00000000d5580000)
  object space 179712K, 99% used [0x0000000080000000,0x000000008af77fb0,0x000000008af80000)
 Metaspace       used 81350K, committed 83072K, reserved 1179648K
  class space    used 8682K, committed 9408K, reserved 1048576K
}
Event: 85.452 GC heap after
{Heap after GC invocations=114 (full 3):
 PSYoungGen      total 13824K, used 939K [0x00000000d5580000, 0x00000000d6500000, 0x0000000100000000)
  eden space 12800K, 0% used [0x00000000d5580000,0x00000000d5580000,0x00000000d6200000)
  from space 1024K, 91% used [0x00000000d6200000,0x00000000d62ead98,0x00000000d6300000)
  to   space 1536K, 0% used [0x00000000d6380000,0x00000000d6380000,0x00000000d6500000)
 ParOldGen       total 180224K, used 179815K [0x0000000080000000, 0x000000008b000000, 0x00000000d5580000)
  object space 180224K, 99% used [0x0000000080000000,0x000000008af99cc0,0x000000008b000000)
 Metaspace       used 81350K, committed 83072K, reserved 1179648K
  class space    used 8682K, committed 9408K, reserved 1048576K
}
Event: 86.580 GC heap before
{Heap before GC invocations=115 (full 3):
 PSYoungGen      total 13824K, used 13739K [0x00000000d5580000, 0x00000000d6500000, 0x0000000100000000)
  eden space 12800K, 99% used [0x00000000d5580000,0x00000000d61fffa8,0x00000000d6200000)
  from space 1024K, 91% used [0x00000000d6200000,0x00000000d62ead98,0x00000000d6300000)
  to   space 1536K, 0% used [0x00000000d6380000,0x00000000d6380000,0x00000000d6500000)
 ParOldGen       total 180224K, used 179815K [0x0000000080000000, 0x000000008b000000, 0x00000000d5580000)
  object space 180224K, 99% used [0x0000000080000000,0x000000008af99cc0,0x000000008b000000)
 Metaspace       used 81390K, committed 83072K, reserved 1179648K
  class space    used 8682K, committed 9408K, reserved 1048576K
}
Event: 86.581 GC heap after
{Heap after GC invocations=115 (full 3):
 PSYoungGen      total 13824K, used 960K [0x00000000d5580000, 0x00000000d6480000, 0x0000000100000000)
  eden space 12800K, 0% used [0x00000000d5580000,0x00000000d5580000,0x00000000d6200000)
  from space 1024K, 93% used [0x00000000d6380000,0x00000000d6470020,0x00000000d6480000)
  to   space 1024K, 0% used [0x00000000d6200000,0x00000000d6200000,0x00000000d6300000)
 ParOldGen       total 180224K, used 179990K [0x0000000080000000, 0x000000008b000000, 0x00000000d5580000)
  object space 180224K, 99% used [0x0000000080000000,0x000000008afc5a68,0x000000008b000000)
 Metaspace       used 81390K, committed 83072K, reserved 1179648K
  class space    used 8682K, committed 9408K, reserved 1048576K
}
Event: 87.182 GC heap before
{Heap before GC invocations=116 (full 3):
 PSYoungGen      total 13824K, used 13760K [0x00000000d5580000, 0x00000000d6480000, 0x0000000100000000)
  eden space 12800K, 100% used [0x00000000d5580000,0x00000000d6200000,0x00000000d6200000)
  from space 1024K, 93% used [0x00000000d6380000,0x00000000d6470020,0x00000000d6480000)
  to   space 1024K, 0% used [0x00000000d6200000,0x00000000d6200000,0x00000000d6300000)
 ParOldGen       total 180224K, used 179990K [0x0000000080000000, 0x000000008b000000, 0x00000000d5580000)
  object space 180224K, 99% used [0x0000000080000000,0x000000008afc5a68,0x000000008b000000)
 Metaspace       used 81402K, committed 83072K, reserved 1179648K
  class space    used 8682K, committed 9408K, reserved 1048576K
}
Event: 87.184 GC heap after
{Heap after GC invocations=116 (full 3):
 PSYoungGen      total 13824K, used 998K [0x00000000d5580000, 0x00000000d6800000, 0x0000000100000000)
  eden space 12800K, 0% used [0x00000000d5580000,0x00000000d5580000,0x00000000d6200000)
  from space 1024K, 97% used [0x00000000d6200000,0x00000000d62f9ae0,0x00000000d6300000)
  to   space 3072K, 0% used [0x00000000d6500000,0x00000000d6500000,0x00000000d6800000)
 ParOldGen       total 181760K, used 181507K [0x0000000080000000, 0x000000008b180000, 0x00000000d5580000)
  object space 181760K, 99% used [0x0000000080000000,0x000000008b140ef8,0x000000008b180000)
 Metaspace       used 81402K, committed 83072K, reserved 1179648K
  class space    used 8682K, committed 9408K, reserved 1048576K
}
Event: 89.656 GC heap before
{Heap before GC invocations=117 (full 3):
 PSYoungGen      total 13824K, used 13798K [0x00000000d5580000, 0x00000000d6800000, 0x0000000100000000)
  eden space 12800K, 100% used [0x00000000d5580000,0x00000000d6200000,0x00000000d6200000)
  from space 1024K, 97% used [0x00000000d6200000,0x00000000d62f9ae0,0x00000000d6300000)
  to   space 3072K, 0% used [0x00000000d6500000,0x00000000d6500000,0x00000000d6800000)
 ParOldGen       total 181760K, used 181507K [0x0000000080000000, 0x000000008b180000, 0x00000000d5580000)
  object space 181760K, 99% used [0x0000000080000000,0x000000008b140ef8,0x000000008b180000)
 Metaspace       used 81503K, committed 83264K, reserved 1179648K
  class space    used 8682K, committed 9408K, reserved 1048576K
}
Event: 89.657 GC heap after
{Heap after GC invocations=117 (full 3):
 PSYoungGen      total 13312K, used 288K [0x00000000d5580000, 0x00000000d6580000, 0x0000000100000000)
  eden space 12800K, 0% used [0x00000000d5580000,0x00000000d5580000,0x00000000d6200000)
  from space 512K, 56% used [0x00000000d6500000,0x00000000d6548000,0x00000000d6580000)
  to   space 1536K, 0% used [0x00000000d6280000,0x00000000d6280000,0x00000000d6400000)
 ParOldGen       total 181760K, used 181571K [0x0000000080000000, 0x000000008b180000, 0x00000000d5580000)
  object space 181760K, 99% used [0x0000000080000000,0x000000008b150ef8,0x000000008b180000)
 Metaspace       used 81503K, committed 83264K, reserved 1179648K
  class space    used 8682K, committed 9408K, reserved 1048576K
}
Event: 90.773 GC heap before
{Heap before GC invocations=118 (full 3):
 PSYoungGen      total 13312K, used 12996K [0x00000000d5580000, 0x00000000d6580000, 0x0000000100000000)
  eden space 12800K, 99% used [0x00000000d5580000,0x00000000d61e9150,0x00000000d6200000)
  from space 512K, 56% used [0x00000000d6500000,0x00000000d6548000,0x00000000d6580000)
  to   space 1536K, 0% used [0x00000000d6280000,0x00000000d6280000,0x00000000d6400000)
 ParOldGen       total 181760K, used 181571K [0x0000000080000000, 0x000000008b180000, 0x00000000d5580000)
  object space 181760K, 99% used [0x0000000080000000,0x000000008b150ef8,0x000000008b180000)
 Metaspace       used 81526K, committed 83264K, reserved 1179648K
  class space    used 8682K, committed 9408K, reserved 1048576K
}
Event: 90.773 GC heap after
{Heap after GC invocations=118 (full 3):
 PSYoungGen      total 14336K, used 320K [0x00000000d5580000, 0x00000000d6580000, 0x0000000100000000)
  eden space 12800K, 0% used [0x00000000d5580000,0x00000000d5580000,0x00000000d6200000)
  from space 1536K, 20% used [0x00000000d6280000,0x00000000d62d0000,0x00000000d6400000)
  to   space 512K, 0% used [0x00000000d6500000,0x00000000d6500000,0x00000000d6580000)
 ParOldGen       total 181760K, used 181643K [0x0000000080000000, 0x000000008b180000, 0x00000000d5580000)
  object space 181760K, 99% used [0x0000000080000000,0x000000008b162ef8,0x000000008b180000)
 Metaspace       used 81526K, committed 83264K, reserved 1179648K
  class space    used 8682K, committed 9408K, reserved 1048576K
}
Event: 317.153 GC heap before
{Heap before GC invocations=119 (full 3):
 PSYoungGen      total 14336K, used 13120K [0x00000000d5580000, 0x00000000d6580000, 0x0000000100000000)
  eden space 12800K, 100% used [0x00000000d5580000,0x00000000d6200000,0x00000000d6200000)
  from space 1536K, 20% used [0x00000000d6280000,0x00000000d62d0000,0x00000000d6400000)
  to   space 512K, 0% used [0x00000000d6500000,0x00000000d6500000,0x00000000d6580000)
 ParOldGen       total 181760K, used 181643K [0x0000000080000000, 0x000000008b180000, 0x00000000d5580000)
  object space 181760K, 99% used [0x0000000080000000,0x000000008b162ef8,0x000000008b180000)
 Metaspace       used 81552K, committed 83264K, reserved 1179648K
  class space    used 8684K, committed 9408K, reserved 1048576K
}
Event: 317.155 GC heap after
{Heap after GC invocations=119 (full 3):
 PSYoungGen      total 13312K, used 224K [0x00000000d5580000, 0x00000000d6580000, 0x0000000100000000)
  eden space 12800K, 0% used [0x00000000d5580000,0x00000000d5580000,0x00000000d6200000)
  from space 512K, 43% used [0x00000000d6500000,0x00000000d6538000,0x00000000d6580000)
  to   space 512K, 0% used [0x00000000d6480000,0x00000000d6480000,0x00000000d6500000)
 ParOldGen       total 181760K, used 181691K [0x0000000080000000, 0x000000008b180000, 0x00000000d5580000)
  object space 181760K, 99% used [0x0000000080000000,0x000000008b16eef8,0x000000008b180000)
 Metaspace       used 81552K, committed 83264K, reserved 1179648K
  class space    used 8684K, committed 9408K, reserved 1048576K
}

